<?xml version="1.0" encoding="UTF-8"?>
<!-- Generated by org.testng.reporters.JUnitReportReporter -->
<testsuite hostname="DESKTOP-QBRMBTG" name="Testcases.TestConfig" tests="1" failures="0" timestamp="7 May 2016 09:02:14 GMT" time="0.023" errors="0">
  <testcase name="testConfigFile" time="0.023" classname="Testcases.TestConfig"/>
</testsuite> <!-- Testcases.TestConfig -->
