<?xml version="1.0" encoding="UTF-8"?>
<!-- Generated by org.testng.reporters.JUnitReportReporter -->
<testsuite hostname="DESKTOP-QBRMBTG" name="Testcases.TestMobilePage" tests="1" failures="0" timestamp="5 May 2016 10:43:36 GMT" time="17.250" errors="0">
  <testcase name="mobileTest" time="17.250" classname="Testcases.TestMobilePage"/>
</testsuite> <!-- Testcases.TestMobilePage -->
