<?xml version="1.0" encoding="UTF-8"?>
<!-- Generated by org.testng.reporters.JUnitReportReporter -->
<testsuite hostname="DESKTOP-QBRMBTG" name="Testcases.TestConfig" tests="1" failures="0" timestamp="6 May 2016 11:34:21 GMT" time="0.026" errors="0">
  <testcase name="testConfigFile" time="0.026" classname="Testcases.TestConfig"/>
</testsuite> <!-- Testcases.TestConfig -->
