<?xml version="1.0" encoding="UTF-8"?>
<!-- Generated by org.testng.reporters.JUnitReportReporter -->
<testsuite hostname="DESKTOP-QBRMBTG" name="Testcases.ErrorMsg" tests="1" failures="0" timestamp="6 May 2016 09:51:40 GMT" time="13.547" errors="0">
  <testcase name="TestError" time="13.547" classname="Testcases.ErrorMsg"/>
</testsuite> <!-- Testcases.ErrorMsg -->
