<?xml version="1.0" encoding="UTF-8"?>
<!-- Generated by org.testng.reporters.JUnitReportReporter -->
<testsuite hostname="DESKTOP-QBRMBTG" name="Testcases.CrossBrowser" tests="2" failures="0" timestamp="6 May 2016 11:17:24 GMT" time="0.015" errors="0">
  <testcase name="testCrossBrowser" time="0.015" classname="Testcases.CrossBrowser"/>
  <testcase name="testCrossBrowser" time="0.000" classname="Testcases.CrossBrowser"/>
</testsuite> <!-- Testcases.CrossBrowser -->
